<?xml version="1.0" encoding="UTF-8"?>
<testsuite xmlns:xsi="http://www.w3.org/2001/XMLSchema-instance" xsi:noNamespaceSchemaLocation="https://maven.apache.org/surefire/maven-surefire-plugin/xsd/surefire-test-report.xsd" name="jd2.StudentType2StrategyTest" time="0.013" tests="10" errors="0" skipped="0" failures="0">
  <properties>
    <property name="java.specification.version" value="15"/>
    <property name="sun.cpu.isalist" value="amd64"/>
    <property name="sun.jnu.encoding" value="Cp1251"/>
    <property name="java.class.path" value="D:\Мои проекты Maven\homework3\target\test-classes;D:\Мои проекты Maven\homework3\target\classes;C:\Users\HP\.m2\repository\junit\junit\4.11\junit-4.11.jar;C:\Users\HP\.m2\repository\org\hamcrest\hamcrest-core\1.3\hamcrest-core-1.3.jar;"/>
    <property name="java.vm.vendor" value="Oracle Corporation"/>
    <property name="sun.arch.data.model" value="64"/>
    <property name="user.variant" value=""/>
    <property name="java.vendor.url" value="https://java.oracle.com/"/>
    <property name="user.timezone" value="Europe/Moscow"/>
    <property name="os.name" value="Windows 10"/>
    <property name="java.vm.specification.version" value="15"/>
    <property name="sun.java.launcher" value="SUN_STANDARD"/>
    <property name="user.country" value="RU"/>
    <property name="sun.boot.library.path" value="C:\Users\HP\.jdks\openjdk-15\bin"/>
    <property name="sun.java.command" value="C:\Users\HP\AppData\Local\Temp\surefire4797139024138257195\surefirebooter8987481288321029218.jar C:\Users\HP\AppData\Local\Temp\surefire4797139024138257195 2022-03-21T08-46-32_037-jvmRun1 surefire15021350711085521993tmp surefire_04463496706963674183tmp"/>
    <property name="jdk.debug" value="release"/>
    <property name="surefire.test.class.path" value="D:\Мои проекты Maven\homework3\target\test-classes;D:\Мои проекты Maven\homework3\target\classes;C:\Users\HP\.m2\repository\junit\junit\4.11\junit-4.11.jar;C:\Users\HP\.m2\repository\org\hamcrest\hamcrest-core\1.3\hamcrest-core-1.3.jar;"/>
    <property name="sun.cpu.endian" value="little"/>
    <property name="user.home" value="C:\Users\HP"/>
    <property name="user.language" value="ru"/>
    <property name="java.specification.vendor" value="Oracle Corporation"/>
    <property name="java.version.date" value="2020-09-15"/>
    <property name="java.home" value="C:\Users\HP\.jdks\openjdk-15"/>
    <property name="file.separator" value="\"/>
    <property name="basedir" value="D:\Мои проекты Maven\homework3"/>
    <property name="java.vm.compressedOopsMode" value="Zero based"/>
    <property name="line.separator" value="&#10;"/>
    <property name="java.vm.specification.vendor" value="Oracle Corporation"/>
    <property name="java.specification.name" value="Java Platform API Specification"/>
    <property name="surefire.real.class.path" value="C:\Users\HP\AppData\Local\Temp\surefire4797139024138257195\surefirebooter8987481288321029218.jar"/>
    <property name="user.script" value=""/>
    <property name="sun.management.compiler" value="HotSpot 64-Bit Tiered Compilers"/>
    <property name="java.runtime.version" value="15+36-1562"/>
    <property name="user.name" value="HP"/>
    <property name="path.separator" value=";"/>
    <property name="os.version" value="10.0"/>
    <property name="java.runtime.name" value="OpenJDK Runtime Environment"/>
    <property name="file.encoding" value="Cp1251"/>
    <property name="java.vm.name" value="OpenJDK 64-Bit Server VM"/>
    <property name="localRepository" value="C:\Users\HP\.m2\repository"/>
    <property name="java.vendor.url.bug" value="https://bugreport.java.com/bugreport/"/>
    <property name="java.io.tmpdir" value="C:\Users\HP\AppData\Local\Temp\"/>
    <property name="idea.version" value="2021.2.3"/>
    <property name="java.version" value="15"/>
    <property name="user.dir" value="D:\Мои проекты Maven\homework3"/>
    <property name="os.arch" value="amd64"/>
    <property name="java.vm.specification.name" value="Java Virtual Machine Specification"/>
    <property name="sun.os.patch.level" value=""/>
    <property name="java.library.path" value="C:\Users\HP\.jdks\openjdk-15\bin;C:\WINDOWS\Sun\Java\bin;C:\WINDOWS\system32;C:\WINDOWS;C:\Program Files\AdoptOpenJDK\jdk-11.0.9.101-hotspot\bin;C:\Program Files (x86)\Common Files\Oracle\Java\javapath;C:\WINDOWS\system32;C:\WINDOWS;C:\WINDOWS\System32\Wbem;C:\WINDOWS\System32\WindowsPowerShell\v1.0\;C:\WINDOWS\System32\OpenSSH\;C:\Program Files\AdoptOpenJDK\jdk-11.0.9.101-hotspot\bin;D:\Git\cmd;C:\Program Files\nodejs\;D:\Все для JAVA\Maven\apache-maven-3.8.5\bin;C:\Users\HP\AppData\Local\Microsoft\WindowsApps;C:\Users\HP\AppData\Roaming\npm;."/>
    <property name="java.vm.info" value="mixed mode, sharing"/>
    <property name="java.vendor" value="Oracle Corporation"/>
    <property name="java.vm.version" value="15+36-1562"/>
    <property name="sun.io.unicode.encoding" value="UnicodeLittle"/>
    <property name="java.class.version" value="59.0"/>
  </properties>
  <testcase name="testCountNumberOfHours[0: testCountNumberOfHours -&gt; с талантом 0,1 = 1 980]" classname="jd2.StudentType2StrategyTest" time="0"/>
  <testcase name="testCountNumberOfHours[1: testCountNumberOfHours -&gt; с талантом 0,2 = 990]" classname="jd2.StudentType2StrategyTest" time="0"/>
  <testcase name="testCountNumberOfHours[2: testCountNumberOfHours -&gt; с талантом 0,3 = 660]" classname="jd2.StudentType2StrategyTest" time="0"/>
  <testcase name="testCountNumberOfHours[3: testCountNumberOfHours -&gt; с талантом 0,4 = 495]" classname="jd2.StudentType2StrategyTest" time="0"/>
  <testcase name="testCountNumberOfHours[4: testCountNumberOfHours -&gt; с талантом 0,5 = 396]" classname="jd2.StudentType2StrategyTest" time="0"/>
  <testcase name="testCountNumberOfHours[5: testCountNumberOfHours -&gt; с талантом 0,6 = 330]" classname="jd2.StudentType2StrategyTest" time="0"/>
  <testcase name="testCountNumberOfHours[6: testCountNumberOfHours -&gt; с талантом 0,7 = 282]" classname="jd2.StudentType2StrategyTest" time="0"/>
  <testcase name="testCountNumberOfHours[7: testCountNumberOfHours -&gt; с талантом 0,8 = 247]" classname="jd2.StudentType2StrategyTest" time="0"/>
  <testcase name="testCountNumberOfHours[8: testCountNumberOfHours -&gt; с талантом 0,9 = 220]" classname="jd2.StudentType2StrategyTest" time="0"/>
  <testcase name="testCountNumberOfHours[9: testCountNumberOfHours -&gt; с талантом 1 = 198]" classname="jd2.StudentType2StrategyTest" time="0.001"/>
</testsuite>